This is pdfTeX, Version 3.14159265-2.6-1.40.21 (MiKTeX 20.7) (preloaded format=pdflatex 2020.8.24)  3 SEP 2020 17:37
entering extended mode
**"c:/Users/Stefano Fochesatto/School Work/Homework-Fall-2020/Stat F300_Statistics/HW#1/HW#1.tex"
("c:/Users/Stefano Fochesatto/School Work/Homework-Fall-2020/Stat F300_Statistics/HW#1/HW#1.tex"
LaTeX2e <2020-02-02> patch level 5
L3 programming layer <2020-08-07> ("C:\Users\Stefano Fochesatto\AppData\Local\Programs\MiKTeX\tex/latex/base\article.cls"
Document Class: article 2019/12/20 v1.4l Standard LaTeX document class
("C:\Users\Stefano Fochesatto\AppData\Local\Programs\MiKTeX\tex/latex/base\size12.clo"
File: size12.clo 2019/12/20 v1.4l Standard LaTeX file (size option)
)
\c@part=\count168
\c@section=\count169
\c@subsection=\count170
\c@subsubsection=\count171
\c@paragraph=\count172
\c@subparagraph=\count173
\c@figure=\count174
\c@table=\count175
\abovecaptionskip=\skip47
\belowcaptionskip=\skip48
\bibindent=\dimen134
) ("C:\Users\Stefano Fochesatto\AppData\Local\Programs\MiKTeX\tex/latex/amsfonts\amssymb.sty"
Package: amssymb 2013/01/14 v3.01 AMS font symbols
 ("C:\Users\Stefano Fochesatto\AppData\Local\Programs\MiKTeX\tex/latex/amsfonts\amsfonts.sty"
Package: amsfonts 2013/01/14 v3.01 Basic AMSFonts support
\@emptytoks=\toks15
\symAMSa=\mathgroup4
\symAMSb=\mathgroup5
LaTeX Font Info:    Redeclaring math symbol \hbar on input line 98.
LaTeX Font Info:    Overwriting math alphabet `\mathfrak' in version `bold'
(Font)                  U/euf/m/n --> U/euf/b/n on input line 106.
)) ("C:\Users\Stefano Fochesatto\AppData\Local\Programs\MiKTeX\tex/latex/amsmath\amsmath.sty"
Package: amsmath 2020/01/20 v2.17e AMS math features
\@mathmargin=\skip49

For additional information on amsmath, use the `?' option.
("C:\Users\Stefano Fochesatto\AppData\Local\Programs\MiKTeX\tex/latex/amsmath\amstext.sty"
Package: amstext 2000/06/29 v2.01 AMS text
 ("C:\Users\Stefano Fochesatto\AppData\Local\Programs\MiKTeX\tex/latex/amsmath\amsgen.sty"
File: amsgen.sty 1999/11/30 v2.0 generic functions
\@emptytoks=\toks16
\ex@=\dimen135
)) ("C:\Users\Stefano Fochesatto\AppData\Local\Programs\MiKTeX\tex/latex/amsmath\amsbsy.sty"
Package: amsbsy 1999/11/29 v1.2d Bold Symbols
\pmbraise@=\dimen136
) ("C:\Users\Stefano Fochesatto\AppData\Local\Programs\MiKTeX\tex/latex/amsmath\amsopn.sty"
Package: amsopn 2016/03/08 v2.02 operator names
)
\inf@bad=\count176
LaTeX Info: Redefining \frac on input line 227.
\uproot@=\count177
\leftroot@=\count178
LaTeX Info: Redefining \overline on input line 389.
\classnum@=\count179
\DOTSCASE@=\count180
LaTeX Info: Redefining \ldots on input line 486.
LaTeX Info: Redefining \dots on input line 489.
LaTeX Info: Redefining \cdots on input line 610.
\Mathstrutbox@=\box45
\strutbox@=\box46
\big@size=\dimen137
LaTeX Font Info:    Redeclaring font encoding OML on input line 733.
LaTeX Font Info:    Redeclaring font encoding OMS on input line 734.
\macc@depth=\count181
\c@MaxMatrixCols=\count182
\dotsspace@=\muskip16
\c@parentequation=\count183
\dspbrk@lvl=\count184
\tag@help=\toks17
\row@=\count185
\column@=\count186
\maxfields@=\count187
\andhelp@=\toks18
\eqnshift@=\dimen138
\alignsep@=\dimen139
\tagshift@=\dimen140
\tagwidth@=\dimen141
\totwidth@=\dimen142
\lineht@=\dimen143
\@envbody=\toks19
\multlinegap=\skip50
\multlinetaggap=\skip51
\mathdisplay@stack=\toks20
LaTeX Info: Redefining \[ on input line 2859.
LaTeX Info: Redefining \] on input line 2860.
) ("C:\Users\Stefano Fochesatto\AppData\Local\Programs\MiKTeX\tex/latex/amscls\amsthm.sty"
Package: amsthm 2020/05/29 v2.20.6
\thm@style=\toks21
\thm@bodyfont=\toks22
\thm@headfont=\toks23
\thm@notefont=\toks24
\thm@headpunct=\toks25
\thm@preskip=\skip52
\thm@postskip=\skip53
\thm@headsep=\skip54
\dth@everypar=\toks26
) ("C:\Users\Stefano Fochesatto\AppData\Local\Programs\MiKTeX\tex/latex/geometry\geometry.sty"
Package: geometry 2020/01/02 v5.9 Page Geometry
 ("C:\Users\Stefano Fochesatto\AppData\Local\Programs\MiKTeX\tex/latex/graphics\keyval.sty"
Package: keyval 2014/10/28 v1.15 key=value parser (DPC)
\KV@toks@=\toks27
) ("C:\Users\Stefano Fochesatto\AppData\Local\Programs\MiKTeX\tex/generic/iftex\ifvtex.sty"
Package: ifvtex 2019/10/25 v1.7 ifvtex legacy package. Use iftex instead.
 ("C:\Users\Stefano Fochesatto\AppData\Local\Programs\MiKTeX\tex/generic/iftex\iftex.sty"
Package: iftex 2020/03/06 v1.0d TeX engine tests
))
\Gm@cnth=\count188
\Gm@cntv=\count189
\c@Gm@tempcnt=\count190
\Gm@bindingoffset=\dimen144
\Gm@wd@mp=\dimen145
\Gm@odd@mp=\dimen146
\Gm@even@mp=\dimen147
\Gm@layoutwidth=\dimen148
\Gm@layoutheight=\dimen149
\Gm@layouthoffset=\dimen150
\Gm@layoutvoffset=\dimen151
\Gm@dimlist=\toks28
 ("C:\Users\Stefano Fochesatto\AppData\Local\Programs\MiKTeX\tex/latex/geometry\geometry.cfg")) ("C:\Users\Stefano Fochesatto\AppData\Local\Programs\MiKTeX\tex/latex/fancyhdr\fancyhdr.sty"
Package: fancyhdr 2019/01/31 v3.10 Extensive control of page headers and footers
\f@nch@headwidth=\skip55
\f@nch@O@elh=\skip56
\f@nch@O@erh=\skip57
\f@nch@O@olh=\skip58
\f@nch@O@orh=\skip59
\f@nch@O@elf=\skip60
\f@nch@O@erf=\skip61
\f@nch@O@olf=\skip62
\f@nch@O@orf=\skip63
) ("C:\Users\Stefano Fochesatto\AppData\Local\Programs\MiKTeX\tex/latex/tools\enumerate.sty"
Package: enumerate 2015/07/23 v3.00 enumerate extensions (DPC)
\@enLab=\toks29
) ("C:\Users\Stefano Fochesatto\AppData\Local\Programs\MiKTeX\tex/latex/graphics\graphicx.sty"
Package: graphicx 2019/11/30 v1.2a Enhanced LaTeX Graphics (DPC,SPQR)
 ("C:\Users\Stefano Fochesatto\AppData\Local\Programs\MiKTeX\tex/latex/graphics\graphics.sty"
Package: graphics 2019/11/30 v1.4a Standard LaTeX Graphics (DPC,SPQR)
 ("C:\Users\Stefano Fochesatto\AppData\Local\Programs\MiKTeX\tex/latex/graphics\trig.sty"
Package: trig 2016/01/03 v1.10 sin cos tan (DPC)
) ("C:\Users\Stefano Fochesatto\AppData\Local\Programs\MiKTeX\tex/latex/graphics-cfg\graphics.cfg"
File: graphics.cfg 2016/06/04 v1.11 sample graphics configuration
)
Package graphics Info: Driver file: pdftex.def on input line 105.
 ("C:\Users\Stefano Fochesatto\AppData\Local\Programs\MiKTeX\tex/latex/graphics-def\pdftex.def"
File: pdftex.def 2018/01/08 v1.0l Graphics/color driver for pdftex
))
\Gin@req@height=\dimen152
\Gin@req@width=\dimen153
) ("C:\Users\Stefano Fochesatto\AppData\Local\Programs\MiKTeX\tex/latex/was\gensymb.sty"
Package: gensymb 2003/07/02 v1.0 (WaS)
) ("C:\Users\Stefano Fochesatto\AppData\Local\Programs\MiKTeX\tex/latex/soul\soul.sty"
Package: soul 2003/11/17 v2.4 letterspacing/underlining (mf)
\SOUL@word=\toks30
\SOUL@lasttoken=\toks31
\SOUL@cmds=\toks32
\SOUL@buffer=\toks33
\SOUL@token=\toks34
\SOUL@spaceskip=\skip64
\SOUL@ttwidth=\dimen154
\SOUL@uldp=\dimen155
\SOUL@ulht=\dimen156
) ("C:\Users\Stefano Fochesatto\AppData\Local\Programs\MiKTeX\tex/latex/pdfpages\pdfpages.sty"
Package: pdfpages 2020/01/28 v0.5q Insert pages of external PDF documents (AM)
 ("C:\Users\Stefano Fochesatto\AppData\Local\Programs\MiKTeX\tex/latex/base\ifthen.sty"
Package: ifthen 2014/09/29 v1.1c Standard LaTeX ifthen package (DPC)
) ("C:\Users\Stefano Fochesatto\AppData\Local\Programs\MiKTeX\tex/latex/tools\calc.sty"
Package: calc 2017/05/25 v4.3 Infix arithmetic (KKT,FJ)
\calc@Acount=\count191
\calc@Bcount=\count192
\calc@Adimen=\dimen157
\calc@Bdimen=\dimen158
\calc@Askip=\skip65
\calc@Bskip=\skip66
LaTeX Info: Redefining \setlength on input line 80.
LaTeX Info: Redefining \addtolength on input line 81.
\calc@Ccount=\count193
\calc@Cskip=\skip67
) ("C:\Users\Stefano Fochesatto\AppData\Local\Programs\MiKTeX\tex/latex/eso-pic\eso-pic.sty"
Package: eso-pic 2018/04/12 v2.0h eso-pic (RN)
 ("C:\Users\Stefano Fochesatto\AppData\Local\Programs\MiKTeX\tex/generic/atbegshi\atbegshi.sty"
Package: atbegshi 2019/12/05 v1.19 At begin shipout hook (HO)
 ("C:\Users\Stefano Fochesatto\AppData\Local\Programs\MiKTeX\tex/generic/infwarerr\infwarerr.sty"
Package: infwarerr 2019/12/03 v1.5 Providing info/warning/error messages (HO)
) ("C:\Users\Stefano Fochesatto\AppData\Local\Programs\MiKTeX\tex/generic/ltxcmds\ltxcmds.sty"
Package: ltxcmds 2019/12/15 v1.24 LaTeX kernel commands for general use (HO)
)) ("C:\Users\Stefano Fochesatto\AppData\Local\Programs\MiKTeX\tex/latex/xcolor\xcolor.sty"
Package: xcolor 2016/05/11 v2.12 LaTeX color extensions (UK)
 ("C:\Users\Stefano Fochesatto\AppData\Local\Programs\MiKTeX\tex/latex/graphics-cfg\color.cfg"
File: color.cfg 2016/01/02 v1.6 sample color configuration
)
Package xcolor Info: Driver file: pdftex.def on input line 225.
Package xcolor Info: Model `cmy' substituted by `cmy0' on input line 1348.
Package xcolor Info: Model `hsb' substituted by `rgb' on input line 1352.
Package xcolor Info: Model `RGB' extended on input line 1364.
Package xcolor Info: Model `HTML' substituted by `rgb' on input line 1366.
Package xcolor Info: Model `Hsb' substituted by `hsb' on input line 1367.
Package xcolor Info: Model `tHsb' substituted by `hsb' on input line 1368.
Package xcolor Info: Model `HSB' substituted by `hsb' on input line 1369.
Package xcolor Info: Model `Gray' substituted by `gray' on input line 1370.
Package xcolor Info: Model `wave' substituted by `hsb' on input line 1371.
))
\AM@pagewidth=\dimen159
\AM@pageheight=\dimen160
 ("C:\Users\Stefano Fochesatto\AppData\Local\Programs\MiKTeX\tex/latex/pdfpages\pppdftex.def"
File: pppdftex.def 2020/01/28 v0.5q Pdfpages driver for pdfTeX (AM)
)
\AM@pagebox=\box47
\AM@global@opts=\toks35
\AM@pagecnt=\count194
\AM@toc@title=\toks36
\c@AM@survey=\count195
\AM@templatesizebox=\box48
) ("C:\Users\Stefano Fochesatto\AppData\Local\Programs\MiKTeX\tex/latex/psnfss\times.sty"
Package: times 2020/03/25 PSNFSS-v9.3 (SPQR) 
) ("C:\Users\Stefano Fochesatto\AppData\Local\Programs\MiKTeX\tex/latex/txfonts\txfonts.sty"
Package: txfonts 2008/01/22 v3.2.1
LaTeX Font Info:    Redeclaring symbol font `operators' on input line 21.
LaTeX Font Info:    Overwriting symbol font `operators' in version `normal'
(Font)                  OT1/cmr/m/n --> OT1/txr/m/n on input line 21.
LaTeX Font Info:    Overwriting symbol font `operators' in version `bold'
(Font)                  OT1/cmr/bx/n --> OT1/txr/m/n on input line 21.
LaTeX Font Info:    Overwriting symbol font `operators' in version `bold'
(Font)                  OT1/txr/m/n --> OT1/txr/bx/n on input line 22.
\symitalic=\mathgroup6
LaTeX Font Info:    Overwriting symbol font `italic' in version `bold'
(Font)                  OT1/txr/m/it --> OT1/txr/bx/it on input line 26.
LaTeX Font Info:    Redeclaring math alphabet \mathbf on input line 29.
LaTeX Font Info:    Overwriting math alphabet `\mathbf' in version `normal'
(Font)                  OT1/cmr/bx/n --> OT1/txr/bx/n on input line 29.
LaTeX Font Info:    Overwriting math alphabet `\mathbf' in version `bold'
(Font)                  OT1/cmr/bx/n --> OT1/txr/bx/n on input line 29.
LaTeX Font Info:    Redeclaring math alphabet \mathit on input line 30.
LaTeX Font Info:    Overwriting math alphabet `\mathit' in version `normal'
(Font)                  OT1/cmr/m/it --> OT1/txr/m/it on input line 30.
LaTeX Font Info:    Overwriting math alphabet `\mathit' in version `bold'
(Font)                  OT1/cmr/bx/it --> OT1/txr/m/it on input line 30.
LaTeX Font Info:    Overwriting math alphabet `\mathit' in version `bold'
(Font)                  OT1/txr/m/it --> OT1/txr/bx/it on input line 31.
LaTeX Font Info:    Redeclaring math alphabet \mathsf on input line 40.
LaTeX Font Info:    Overwriting math alphabet `\mathsf' in version `normal'
(Font)                  OT1/cmss/m/n --> OT1/txss/m/n on input line 40.
LaTeX Font Info:    Overwriting math alphabet `\mathsf' in version `bold'
(Font)                  OT1/cmss/bx/n --> OT1/txss/m/n on input line 40.
LaTeX Font Info:    Overwriting math alphabet `\mathsf' in version `bold'
(Font)                  OT1/txss/m/n --> OT1/txss/b/n on input line 41.
LaTeX Font Info:    Redeclaring math alphabet \mathtt on input line 50.
LaTeX Font Info:    Overwriting math alphabet `\mathtt' in version `normal'
(Font)                  OT1/cmtt/m/n --> OT1/txtt/m/n on input line 50.
LaTeX Font Info:    Overwriting math alphabet `\mathtt' in version `bold'
(Font)                  OT1/cmtt/m/n --> OT1/txtt/m/n on input line 50.
LaTeX Font Info:    Overwriting math alphabet `\mathtt' in version `bold'
(Font)                  OT1/txtt/m/n --> OT1/txtt/b/n on input line 51.
LaTeX Font Info:    Redeclaring symbol font `letters' on input line 58.
LaTeX Font Info:    Overwriting symbol font `letters' in version `normal'
(Font)                  OML/cmm/m/it --> OML/txmi/m/it on input line 58.
LaTeX Font Info:    Overwriting symbol font `letters' in version `bold'
(Font)                  OML/cmm/b/it --> OML/txmi/m/it on input line 58.
LaTeX Font Info:    Overwriting symbol font `letters' in version `bold'
(Font)                  OML/txmi/m/it --> OML/txmi/bx/it on input line 59.
\symlettersA=\mathgroup7
LaTeX Font Info:    Overwriting symbol font `lettersA' in version `bold'
(Font)                  U/txmia/m/it --> U/txmia/bx/it on input line 67.
LaTeX Font Info:    Redeclaring math alphabet \mathfrak on input line 70.
LaTeX Font Info:    Redeclaring symbol font `symbols' on input line 77.
LaTeX Font Info:    Overwriting symbol font `symbols' in version `normal'
(Font)                  OMS/cmsy/m/n --> OMS/txsy/m/n on input line 77.
LaTeX Font Info:    Overwriting symbol font `symbols' in version `bold'
(Font)                  OMS/cmsy/b/n --> OMS/txsy/m/n on input line 77.
LaTeX Font Info:    Overwriting symbol font `symbols' in version `bold'
(Font)                  OMS/txsy/m/n --> OMS/txsy/bx/n on input line 78.
LaTeX Font Info:    Redeclaring symbol font `AMSa' on input line 93.
LaTeX Font Info:    Overwriting symbol font `AMSa' in version `normal'
(Font)                  U/msa/m/n --> U/txsya/m/n on input line 93.
LaTeX Font Info:    Overwriting symbol font `AMSa' in version `bold'
(Font)                  U/msa/m/n --> U/txsya/m/n on input line 93.
LaTeX Font Info:    Overwriting symbol font `AMSa' in version `bold'
(Font)                  U/txsya/m/n --> U/txsya/bx/n on input line 94.
LaTeX Font Info:    Redeclaring symbol font `AMSb' on input line 102.
LaTeX Font Info:    Overwriting symbol font `AMSb' in version `normal'
(Font)                  U/msb/m/n --> U/txsyb/m/n on input line 102.
LaTeX Font Info:    Overwriting symbol font `AMSb' in version `bold'
(Font)                  U/msb/m/n --> U/txsyb/m/n on input line 102.
LaTeX Font Info:    Overwriting symbol font `AMSb' in version `bold'
(Font)                  U/txsyb/m/n --> U/txsyb/bx/n on input line 103.
\symsymbolsC=\mathgroup8
LaTeX Font Info:    Overwriting symbol font `symbolsC' in version `bold'
(Font)                  U/txsyc/m/n --> U/txsyc/bx/n on input line 113.
LaTeX Font Info:    Redeclaring symbol font `largesymbols' on input line 120.
LaTeX Font Info:    Overwriting symbol font `largesymbols' in version `normal'
(Font)                  OMX/cmex/m/n --> OMX/txex/m/n on input line 120.
LaTeX Font Info:    Overwriting symbol font `largesymbols' in version `bold'
(Font)                  OMX/cmex/m/n --> OMX/txex/m/n on input line 120.
LaTeX Font Info:    Overwriting symbol font `largesymbols' in version `bold'
(Font)                  OMX/txex/m/n --> OMX/txex/bx/n on input line 121.
\symlargesymbolsA=\mathgroup9
LaTeX Font Info:    Overwriting symbol font `largesymbolsA' in version `bold'
(Font)                  U/txexa/m/n --> U/txexa/bx/n on input line 129.
LaTeX Font Info:    Redeclaring math symbol \mathsterling on input line 164.
LaTeX Info: Redefining \not on input line 1043.
LaTeX Info: Redefining \textsquare on input line 1063.
LaTeX Info: Redefining \openbox on input line 1064.
) ("C:\Users\Stefano Fochesatto\AppData\Local\Programs\MiKTeX\tex/latex/listings\listings.sty"
\lst@mode=\count196
\lst@gtempboxa=\box49
\lst@token=\toks37
\lst@length=\count197
\lst@currlwidth=\dimen161
\lst@column=\count198
\lst@pos=\count199
\lst@lostspace=\dimen162
\lst@width=\dimen163
\lst@newlines=\count266
\lst@lineno=\count267
\lst@maxwidth=\dimen164
 ("C:\Users\Stefano Fochesatto\AppData\Local\Programs\MiKTeX\tex/latex/listings\lstmisc.sty"
File: lstmisc.sty 2020/03/24 1.8d (Carsten Heinz)
\c@lstnumber=\count268
\lst@skipnumbers=\count269
\lst@framebox=\box50
) ("C:\Users\Stefano Fochesatto\AppData\Local\Programs\MiKTeX\tex/latex/listings\listings.cfg"
File: listings.cfg 2020/03/24 1.8d listings configuration
))
Package: listings 2020/03/24 1.8d (Carsten Heinz)
 ("C:\Users\Stefano Fochesatto\AppData\Local\Programs\MiKTeX\tex/latex/l3backend\l3backend-pdfmode.def"
File: l3backend-pdfmode.def 2020-08-07 L3 backend support: PDF mode
\l__kernel_color_stack_int=\count270
\l__pdf_internal_box=\box51
) ("c:/Users\Stefano Fochesatto\School Work\Homework-Fall-2020\Stat F300_Statistics\HW#1\HW#1.aux")
\openout1 = `HW#1.aux'.

LaTeX Font Info:    Checking defaults for OML/txmi/m/it on input line 91.
LaTeX Font Info:    Trying to load font information for OML+txmi on input line 91.
 ("C:\Users\Stefano Fochesatto\AppData\Local\Programs\MiKTeX\tex/latex/txfonts\omltxmi.fd"
File: omltxmi.fd 2000/12/15 v3.1
)
LaTeX Font Info:    ... okay on input line 91.
LaTeX Font Info:    Checking defaults for OMS/txsy/m/n on input line 91.
LaTeX Font Info:    Trying to load font information for OMS+txsy on input line 91.
 ("C:\Users\Stefano Fochesatto\AppData\Local\Programs\MiKTeX\tex/latex/txfonts\omstxsy.fd"
File: omstxsy.fd 2000/12/15 v3.1
)
LaTeX Font Info:    ... okay on input line 91.
LaTeX Font Info:    Checking defaults for OT1/cmr/m/n on input line 91.
LaTeX Font Info:    ... okay on input line 91.
LaTeX Font Info:    Checking defaults for T1/cmr/m/n on input line 91.
LaTeX Font Info:    ... okay on input line 91.
LaTeX Font Info:    Checking defaults for TS1/cmr/m/n on input line 91.
LaTeX Font Info:    ... okay on input line 91.
LaTeX Font Info:    Checking defaults for OMX/txex/m/n on input line 91.
LaTeX Font Info:    Trying to load font information for OMX+txex on input line 91.
 ("C:\Users\Stefano Fochesatto\AppData\Local\Programs\MiKTeX\tex/latex/txfonts\omxtxex.fd"
File: omxtxex.fd 2000/12/15 v3.1
)
LaTeX Font Info:    ... okay on input line 91.
LaTeX Font Info:    Checking defaults for U/txexa/m/n on input line 91.
LaTeX Font Info:    Trying to load font information for U+txexa on input line 91.
 ("C:\Users\Stefano Fochesatto\AppData\Local\Programs\MiKTeX\tex/latex/txfonts\utxexa.fd"
File: utxexa.fd 2000/12/15 v3.1
)
LaTeX Font Info:    ... okay on input line 91.
LaTeX Font Info:    Trying to load font information for OT1+txr on input line 91.
 ("C:\Users\Stefano Fochesatto\AppData\Local\Programs\MiKTeX\tex/latex/txfonts\ot1txr.fd"
File: ot1txr.fd 2000/12/15 v3.1
)
*geometry* driver: auto-detecting
*geometry* detected driver: pdftex
*geometry* verbose mode - [ preamble ] result:
* driver: pdftex
* paper: <default>
* layout: <same size as paper>
* layoutoffset:(h,v)=(0.0pt,0.0pt)
* modes: 
* h-part:(L,W,R)=(90.3375pt, 433.62001pt, 90.3375pt)
* v-part:(T,H,B)=(72.26999pt, 650.43001pt, 72.26999pt)
* \paperwidth=614.295pt
* \paperheight=794.96999pt
* \textwidth=433.62001pt
* \textheight=650.43001pt
* \oddsidemargin=18.0675pt
* \evensidemargin=18.0675pt
* \topmargin=-37.0pt
* \headheight=15.0pt
* \headsep=25.0pt
* \topskip=12.0pt
* \footskip=30.0pt
* \marginparwidth=44.0pt
* \marginparsep=10.0pt
* \columnsep=10.0pt
* \skip\footins=10.8pt plus 4.0pt minus 2.0pt
* \hoffset=0.0pt
* \voffset=0.0pt
* \mag=1000
* \@twocolumnfalse
* \@twosidefalse
* \@mparswitchfalse
* \@reversemarginfalse
* (1in=72.27pt=25.4mm, 1cm=28.453pt)

("C:\Users\Stefano Fochesatto\AppData\Local\Programs\MiKTeX\tex/context/base/mkii\supp-pdf.mkii"
[Loading MPS to PDF converter (version 2006.09.02).]
\scratchcounter=\count271
\scratchdimen=\dimen165
\scratchbox=\box52
\nofMPsegments=\count272
\nofMParguments=\count273
\everyMPshowfont=\toks38
\MPscratchCnt=\count274
\MPscratchDim=\dimen166
\MPnumerator=\count275
\makeMPintoPDFobject=\count276
\everyMPtoPDFconversion=\toks39
) ("C:\Users\Stefano Fochesatto\AppData\Local\Programs\MiKTeX\tex/latex/epstopdf-pkg\epstopdf-base.sty"
Package: epstopdf-base 2020-01-24 v2.11 Base part for package epstopdf
Package epstopdf-base Info: Redefining graphics rule for `.eps' on input line 485.
)
LaTeX Info: Redefining \celsius on input line 91.
Package gensymb Info: Faking symbols for \degree and \celsius on input line 91.


Package gensymb Warning: Not defining \perthousand.

LaTeX Info: Redefining \ohm on input line 91.
Package gensymb Info: Using \Omega for \ohm on input line 91.

Package gensymb Warning: Not defining \micro.

\AtBeginShipoutBox=\box53
("C:\Users\Stefano Fochesatto\AppData\Local\Programs\MiKTeX\tex/latex/pdflscape\pdflscape.sty"
Package: pdflscape 2019/12/05 v0.12 Display of landscape pages in PDF (HO)
 ("C:\Users\Stefano Fochesatto\AppData\Local\Programs\MiKTeX\tex/latex/graphics\lscape.sty"
Package: lscape 2000/10/22 v3.01 Landscape Pages (DPC)
)
Package pdflscape Info: Auto-detected driver: pdftex on input line 81.
)
\c@lstlisting=\count277
LaTeX Font Info:    Font shape `OT1/txr/b/n' in size <12> not available
(Font)              Font shape `OT1/txr/bx/n' tried instead on input line 97.
LaTeX Font Info:    Trying to load font information for U+txsya on input line 97.
 ("C:\Users\Stefano Fochesatto\AppData\Local\Programs\MiKTeX\tex/latex/txfonts\utxsya.fd"
File: utxsya.fd 2000/12/15 v3.1
)
LaTeX Font Info:    Trying to load font information for U+txsyb on input line 97.
 ("C:\Users\Stefano Fochesatto\AppData\Local\Programs\MiKTeX\tex/latex/txfonts\utxsyb.fd"
File: utxsyb.fd 2000/12/15 v3.1
)
LaTeX Font Info:    Trying to load font information for U+txmia on input line 97.
 ("C:\Users\Stefano Fochesatto\AppData\Local\Programs\MiKTeX\tex/latex/txfonts\utxmia.fd"
File: utxmia.fd 2000/12/15 v3.1
)
LaTeX Font Info:    Trying to load font information for U+txsyc on input line 97.
 ("C:\Users\Stefano Fochesatto\AppData\Local\Programs\MiKTeX\tex/latex/txfonts\utxsyc.fd"
File: utxsyc.fd 2000/12/15 v3.1
)
LaTeX Font Info:    Trying to load font information for OML+txr on input line 102.
 ("C:\Users\Stefano Fochesatto\AppData\Local\Programs\MiKTeX\tex/latex/txfonts\omltxr.fd"
File: omltxr.fd 2000/12/15 v3.1
)
LaTeX Font Info:    Font shape `OML/txr/m/n' in size <12> not available
(Font)              Font shape `OML/txmi/m/it' tried instead on input line 102.
LaTeX Font Info:    Trying to load font information for OMS+txr on input line 104.
 ("C:\Users\Stefano Fochesatto\AppData\Local\Programs\MiKTeX\tex/latex/txfonts\omstxr.fd"
File: omstxr.fd 2000/12/15 v3.1
)
LaTeX Font Info:    Font shape `OMS/txr/m/n' in size <12> not available
(Font)              Font shape `OMS/txsy/m/n' tried instead on input line 104.

Underfull \hbox (badness 10000) in paragraph at lines 127--128

 []


Overfull \hbox (13.35893pt too wide) in paragraph at lines 133--134
[][][][][][][][][][][][][][][][][][][][][][][][] 
 []

[1{C:/Users/Stefano Fochesatto/AppData/Local/MiKTeX/pdftex/config/pdftex.map}

]
Underfull \hbox (badness 10000) in paragraph at lines 145--146

 []


Underfull \hbox (badness 10000) in paragraph at lines 151--152

 []


Underfull \hbox (badness 10000) in paragraph at lines 157--158

 []


Underfull \hbox (badness 10000) in paragraph at lines 169--171

 []


Underfull \hbox (badness 10000) in paragraph at lines 171--172

 []

<hist.png, id=11, 649.67719pt x 414.79968pt>
File: hist.png Graphic file (type png)
<use hist.png>
Package pdftex.def Info: hist.png  used on input line 175.
(pdftex.def)             Requested size: 433.62001pt x 276.85735pt.

Overfull \hbox (29.3747pt too wide) in paragraph at lines 175--176
 [] 
 []

[2]
Underfull \hbox (badness 10000) in paragraph at lines 181--182

 []

LaTeX Font Info:    Trying to load font information for TS1+txr on input line 193.
("C:\Users\Stefano Fochesatto\AppData\Local\Programs\MiKTeX\tex/latex/txfonts\ts1txr.fd"
File: ts1txr.fd 2000/12/15 v3.1
) [3 <c:/Users/Stefano Fochesatto/School Work/Homework-Fall-2020/Stat F300_Statistics/HW#1/hist.png>]
Underfull \hbox (badness 10000) in paragraph at lines 211--215

 []

<hist2.png, id=20, 545.78906pt x 347.79938pt>
File: hist2.png Graphic file (type png)
<use hist2.png>
Package pdftex.def Info: hist2.png  used on input line 216.
(pdftex.def)             Requested size: 433.62001pt x 276.31874pt.
[4 <c:/Users/Stefano Fochesatto/School Work/Homework-Fall-2020/Stat F300_Statistics/HW#1/hist2.png>]
Underfull \hbox (badness 10000) in paragraph at lines 245--246

 []


Overfull \hbox (20.559pt too wide) in paragraph at lines 252--253
[][][][][][][][][][][][][][][][][][][][][][][][] 
 []


Overfull \hbox (6.15886pt too wide) in paragraph at lines 253--254
[][][][][][][][][][][][][][][][][][][][] 
 []


Underfull \hbox (badness 10000) in paragraph at lines 263--265

 []

[5]
Overfull \hbox (20.559pt too wide) in paragraph at lines 271--272
[][][][][][][][][][][][][][][][][][][][][][][][] 
 []


Overfull \hbox (6.15886pt too wide) in paragraph at lines 272--273
[][][][][][][][][][][][][][][][][][][][] 
 []


Underfull \hbox (badness 10000) in paragraph at lines 286--288

 []


Underfull \hbox (badness 10000) in paragraph at lines 288--290

 []

[6]
Underfull \hbox (badness 10000) in paragraph at lines 306--307

 []


Underfull \hbox (badness 10000) in paragraph at lines 336--337

 []

[7]
Underfull \hbox (badness 10000) in paragraph at lines 349--350

 []


Underfull \hbox (badness 10000) in paragraph at lines 368--369

 []


Underfull \hbox (badness 10000) in paragraph at lines 383--387

 []

[8]
Overfull \hbox (18.07199pt too wide) in paragraph at lines 396--397
\OT1/txr/m/n/12 The max-i-mum amount that could be awarded un-der the 2-standard-deviation rule is $1,961,158.
 []


Underfull \hbox (badness 10000) in paragraph at lines 408--410

 []


Overfull \hbox (5.58446pt too wide) in paragraph at lines 416--417
[][][][][][][][][][][][][][][][][][][][][][][][] 
 []


Overfull \hbox (77.58519pt too wide) in paragraph at lines 427--428
[][][][][][][][][][][][][][][][][][][][][][][][][][][] 
 []

<Boxplot.png, id=41, 650.43pt x 414.79968pt>
File: Boxplot.png Graphic file (type png)
<use Boxplot.png>
Package pdftex.def Info: Boxplot.png  used on input line 431.
(pdftex.def)             Requested size: 433.62001pt x 276.54088pt.
[9]
Underfull \hbox (badness 10000) in paragraph at lines 447--448

 []


Underfull \hbox (badness 10000) in paragraph at lines 450--451

 []

[10 <c:/Users/Stefano Fochesatto/School Work/Homework-Fall-2020/Stat F300_Statistics/HW#1/Boxplot.png>]
Underfull \hbox (badness 10000) in paragraph at lines 467--468

 []


Underfull \hbox (badness 10000) in paragraph at lines 484--485

 []


Underfull \hbox (badness 10000) in paragraph at lines 499--500

 []


Underfull \hbox (badness 10000) in paragraph at lines 517--518

 []

[11]
Underfull \hbox (badness 10000) in paragraph at lines 540--541

 []

<venn.pdf, id=52, 614.295pt x 806.26219pt>
File: venn.pdf Graphic file (type pdf)
<use venn.pdf>
Package pdftex.def Info: venn.pdf  used on input line 576.
(pdftex.def)             Requested size: 614.29349pt x 806.26022pt.
File: venn.pdf Graphic file (type pdf)
<use venn.pdf>
Package pdftex.def Info: venn.pdf  used on input line 576.
(pdftex.def)             Requested size: 614.29349pt x 806.26022pt.
<venn.pdf, id=55, page=1, 614.295pt x 806.26219pt>
File: venn.pdf Graphic file (type pdf)
<use venn.pdf, page 1>
Package pdftex.def Info: venn.pdf , page1 used on input line 576.
(pdftex.def)             Requested size: 614.29349pt x 806.26022pt.
File: venn.pdf Graphic file (type pdf)
<use venn.pdf, page 1>
Package pdftex.def Info: venn.pdf , page1 used on input line 576.
(pdftex.def)             Requested size: 605.88556pt x 795.22482pt.
[12]
File: venn.pdf Graphic file (type pdf)
<use venn.pdf, page 1>
Package pdftex.def Info: venn.pdf , page1 used on input line 576.
(pdftex.def)             Requested size: 605.88556pt x 795.22482pt.
File: venn.pdf Graphic file (type pdf)
<use venn.pdf, page 1>
Package pdftex.def Info: venn.pdf , page1 used on input line 576.
(pdftex.def)             Requested size: 605.88556pt x 795.22482pt.
File: venn.pdf Graphic file (type pdf)
<use venn.pdf, page 1>
Package pdftex.def Info: venn.pdf , page1 used on input line 576.
(pdftex.def)             Requested size: 605.88556pt x 795.22482pt.
 [13 <c:/Users/Stefano Fochesatto/School Work/Homework-Fall-2020/Stat F300_Statistics/HW#1/venn.pdf>]
<venn.pdf, id=87, page=2, 614.295pt x 806.26219pt>
File: venn.pdf Graphic file (type pdf)
<use venn.pdf, page 2>
Package pdftex.def Info: venn.pdf , page2 used on input line 576.
(pdftex.def)             Requested size: 605.88556pt x 795.22482pt.
File: venn.pdf Graphic file (type pdf)
<use venn.pdf, page 2>
Package pdftex.def Info: venn.pdf , page2 used on input line 576.
(pdftex.def)             Requested size: 605.88556pt x 795.22482pt.
File: venn.pdf Graphic file (type pdf)
<use venn.pdf, page 2>
Package pdftex.def Info: venn.pdf , page2 used on input line 576.
(pdftex.def)             Requested size: 605.88556pt x 795.22482pt.
 [14 <c:/Users/Stefano Fochesatto/School Work/Homework-Fall-2020/Stat F300_Statistics/HW#1/venn.pdf>] ("c:/Users\Stefano Fochesatto\School Work\Homework-Fall-2020\Stat F300_Statistics\HW#1\HW#1.aux") ) 
Here is how much of TeX's memory you used:
 7158 strings out of 481212
 99629 string characters out of 2899842
 351433 words of memory out of 3000000
 22614 multiletter control sequences out of 15000+200000
 553610 words of font info for 74 fonts, out of 3000000 for 9000
 1141 hyphenation exceptions out of 8191
 43i,18n,46p,414b,1693s stack positions out of 5000i,500n,10000p,200000b,50000s
{C:/Users/Stefano Fochesatto/AppData/Local/Programs/MiKTeX/fonts/enc/dvips/base/8r.enc}<C:/Users/Stefano Fochesatto/AppData/Local/Programs/MiKTeX/fonts/type1/public/txfonts/rtcxr.pfb><C:/Users/Stefano Fochesatto/AppData/Local/Programs/MiKTeX/fonts/type1/public/txfonts/rtxmi.pfb><C:/Users/Stefano Fochesatto/AppData/Local/Programs/MiKTeX/fonts/type1/public/txfonts/rtxr.pfb><C:/Users/Stefano Fochesatto/AppData/Local/Programs/MiKTeX/fonts/type1/public/txfonts/txex.pfb><C:/Users/Stefano Fochesatto/AppData/Local/Programs/MiKTeX/fonts/type1/public/txfonts/txsy.pfb><C:/Users/Stefano Fochesatto/AppData/Local/Programs/MiKTeX/fonts/type1/public/txfonts/txsya.pfb><C:/Users/Stefano Fochesatto/AppData/Local/Programs/MiKTeX/fonts/type1/public/txfonts/txsyb.pfb><C:/Users/Stefano Fochesatto/AppData/Local/Programs/MiKTeX/fonts/type1/urw/times/utmb8a.pfb><C:/Users/Stefano Fochesatto/AppData/Local/Programs/MiKTeX/fonts/type1/urw/times/utmr8a.pfb><C:/Users/Stefano Fochesatto/AppData/Local/Programs/MiKTeX/fonts/type1/urw/times/utmri8a.pfb>
Output written on "c:/Users\Stefano Fochesatto\School Work\Homework-Fall-2020\Stat F300_Statistics\HW#1\HW#1.pdf" (14 pages, 862822 bytes).
PDF statistics:
 124 PDF objects out of 1000 (max. 8388607)
 0 named destinations out of 1000 (max. 500000)
 41 words of extra memory for PDF output out of 10000 (max. 10000000)

